<?xml version="1.0" encoding="UTF-8"?>
<!-- Generated by org.testng.reporters.JUnitReportReporter -->
<testsuite skipped="0" hostname="shivam.agarwal" name="NewTest" tests="8" failures="0" timestamp="27 Feb 2019 11:23:43 GMT" time="11.427" errors="0">
  <testcase name="VerifyDocumentImage" time="1.253" classname="NewTest"/>
  <testcase name="VerifyTabs" time="8.869" classname="NewTest"/>
  <testcase name="VerifyBackground" time="0.088" classname="NewTest"/>
  <testcase name="VerifyDocumentExpand" time="0.265" classname="NewTest"/>
  <testcase name="VerifyImage" time="0.724" classname="NewTest"/>
  <testcase name="VerifyPlayPause" time="0.100" classname="NewTest"/>
  <testcase name="VerifyLink" time="0.072" classname="NewTest"/>
  <testcase name="VerifySearchBar" time="0.056" classname="NewTest"/>
</testsuite> <!-- NewTest -->
