<?xml version="1.0" encoding="UTF-8"?>
<!-- Generated by org.testng.reporters.JUnitReportReporter -->
<testsuite skipped="0" hostname="shivam.agarwal" name="Test.TestTatoc" tests="5" failures="0" timestamp="01 Mar 2019 07:14:19 GMT" time="4.601" errors="0">
  <testcase name="Grid" time="0.463" classname="Test.TestTatoc"/>
  <testcase name="Frame" time="1.424" classname="Test.TestTatoc"/>
  <testcase name="DragDrop" time="0.550" classname="Test.TestTatoc"/>
  <testcase name="WindowPopup" time="1.410" classname="Test.TestTatoc"/>
  <testcase name="CookieHandling" time="0.754" classname="Test.TestTatoc"/>
</testsuite> <!-- Test.TestTatoc -->
