<?xml version="1.0" encoding="UTF-8"?>
<!-- Generated by org.testng.reporters.JUnitReportReporter -->
<testsuite skipped="0" hostname="shivam.agarwal" name="Pages.GridGateTest" tests="1" failures="0" timestamp="28 Feb 2019 06:12:45 GMT" time="0.432" errors="0">
  <testcase name="GridTest" time="0.432" classname="Pages.GridGateTest"/>
</testsuite> <!-- Pages.GridGateTest -->
